[0mGET /system/depots [33m404 [0m135.684 ms - 152[0m
[0mGET /favicon.ico [33m404 [0m1.806 ms - 150[0m
[0mGET /system/depots [33m404 [0m1.633 ms - 152[0m
[0mGET /system/depots [33m404 [0m1.617 ms - 152[0m
[0mGET /system/depots [33m404 [0m1.130 ms - 152[0m
[0mGET /system/depots [33m404 [0m1.277 ms - 152[0m
[0mGET /system/showDepots [32m200 [0m587.423 ms - 445[0m
[0mGET /system/showDepots [32m200 [0m10.434 ms - 445[0m
[0mGET /system/showDepots [36m304 [0m175.838 ms - -[0m
[0mGET /system/showDepots [36m304 [0m8.921 ms - -[0m
[0mGET /system/showDepots [33m404 [0m11.455 ms - 156[0m
[0mGET /system/showDepots [33m404 [0m2.078 ms - 156[0m
[0mGET /system/showDepots [33m404 [0m1.320 ms - 156[0m
[0mGET /system/showDepots [33m404 [0m9.713 ms - 156[0m
[0mGET /system/showDepots [33m404 [0m2.044 ms - 156[0m
[0mGET /system/showDepots [33m404 [0m1.157 ms - 156[0m
[0mGET /system/showDepots [33m404 [0m10.804 ms - 156[0m
[0mGET /system/showDepots [33m404 [0m1.854 ms - 156[0m
[0mGET /system [33m404 [0m0.827 ms - 145[0m
[0mGET /system/showDepots [33m404 [0m0.866 ms - 156[0m
[0mGET /system/showDepots [33m404 [0m0.978 ms - 156[0m
[0mGET /system/depots [32m200 [0m78154.580 ms - 504[0m
[0mGET /system/showDepots [33m404 [0m1.152 ms - 156[0m
[0mGET /system/depots [32m200 [0m147.841 ms - 504[0m
[0mGET /system/depot/1 [32m200 [0m158.741 ms - 284[0m
[0mDELETE /system/depots/6 [32m200 [0m603.195 ms - 16[0m
[0mGET /system/department/depots/byCascade/2 [32m200 [0m321.182 ms - 859[0m
[0mGET /favicon.ico [33m404 [0m2.627 ms - 150[0m
[0mGET /system/department/depots/byCascade/2 [32m200 [0m232.046 ms - 568[0m
[0mGET /system/department/depots/byCascade/2 [36m304 [0m11.925 ms - -[0m
[0mGET /system/department/depots/byCascade/2 [32m200 [0m102.563 ms - 568[0m
[0mGET /system/department/depots/byCascade/2 [32m200 [0m274.144 ms - 859[0m
[0mPOST /system/department/depots [33m404 [0m983.154 ms - 1513[0m
[0mPOST /system/department/depots [33m404 [0m390.772 ms - 1513[0m
[0mPOST /system/department/depots [33m404 [0m418.059 ms - 1513[0m
[0mPOST /system/department/depots [33m404 [0m267.475 ms - 1513[0m
[0mPOST /system/department/depots [33m404 [0m160.530 ms - 1513[0m
[0mPOST /system/department/depots [33m404 [0m409.190 ms - 1513[0m
[0mPOST /system/department/depots [33m404 [0m333.190 ms - 1513[0m
[0mPOST /system/department/depots [33m404 [0m938.975 ms - 1513[0m
[0mPOST /system/department/depots [33m404 [0m337.223 ms - 1513[0m
[0mPOST /system/depots [33m400 [0m265.799 ms - 1513[0m
[0mPOST /system/depots [0m- [0m- ms - -[0m
[0mPOST /system/depots [33m403 [0m95724.284 ms - 1513[0m
[0mPOST /system/depots [33m403 [0m118781.820 ms - 1513[0m
[0mPOST /system/depots [33m403 [0m154.989 ms - 1513[0m
[0mPOST /system/depots [33m403 [0m266.441 ms - 1513[0m
[0mPOST /system/depots [33m403 [0m132.329 ms - 1339[0m
[0mPOST /system/depots [33m404 [0m27.208 ms - 153[0m
[0mPOST /system/department/depots [33m403 [0m175.110 ms - 1339[0m
[0mPOST /system/department/depots [33m403 [0m277.764 ms - 1339[0m
[0mPOST /system/department/depots [33m403 [0m367.646 ms - 1339[0m
[0mPOST /system/department/depots [33m403 [0m280.548 ms - 1339[0m
[0mPOST /system/department/depots [33m403 [0m295.555 ms - 1327[0m
[0mPOST /system/department/depots [33m403 [0m119.825 ms - 1327[0m
[0mPOST /system/department/depots [33m403 [0m310.599 ms - 1327[0m
[0mPOST /system/department/depots [33m403 [0m435.992 ms - 1695[0m
[0mPOST /system/department/depots [32m200 [0m238.844 ms - 275[0m
[0mPOST /system/department/depots [33m403 [0m44.932 ms - 2[0m
[0mPOST /system/department/depots [33m403 [0m42.987 ms - 2[0m
[0mPOST /system/department/depots [33m403 [0m38.190 ms - 2[0m
[0mPOST /system/department/depots [33m403 [0m38.073 ms - 2[0m
[0mPOST /system/department/depots [33m403 [0m52.745 ms - 2[0m
[0mPOST /system/department/depots [33m403 [0m6.806 ms - 2[0m
[0mPOST /system/department/depots [33m403 [0m50.409 ms - 2[0m
[0mPOST /system/department/depots [33m403 [0m179682.601 ms - 2[0m
[0mPOST /system/department/depots [32m200 [0m38349.456 ms - 273[0m
[0mPOST /system/department/depots [32m200 [0m7176.575 ms - 275[0m
[0mPOST /system/department/depots [32m200 [0m121.280 ms - 275[0m
[0mPOST /system/department/depots [33m403 [0m3.913 ms - 533[0m
[0mPOST /system/department/depots [32m200 [0m155.477 ms - 275[0m
[0mDELETE /system/department/depots/4 [32m200 [0m217.133 ms - 30[0m
[0mPOST /system/department/depots [32m200 [0m160.233 ms - 275[0m
[0mPOST /system/department/depots [32m200 [0m294.096 ms - 14[0m
[0mPOST /system/department/depots [32m200 [0m150.604 ms - 14[0m
[0mPOST /system/department/depots [32m200 [0m140.212 ms - 14[0m
[0mGET /system/department/depots/byCascade/1 [32m200 [0m106.092 ms - 2[0m
[0mGET /system/department/depots/byCascade/2 [32m200 [0m127.959 ms - 828[0m
[0mGET /system/department/depots/byCascade/3 [32m200 [0m138.445 ms - 2[0m
[0mGET /system/department/depots/byCascade/6 [32m200 [0m8.537 ms - 278[0m
[0mPOST /system/department/depots [32m200 [0m151.481 ms - 14[0m
[0mPOST /system/department/depots [32m200 [0m156.171 ms - 14[0m
[0mPOST /system/department/depots [32m200 [0m439.398 ms - 14[0m
[0mPOST /system/department/depots [32m200 [0m159.718 ms - 14[0m
[0mPOST /system/department/depots [32m200 [0m143.606 ms - 14[0m
[0mPOST /system/department/depots [32m200 [0m141.066 ms - 14[0m
[0mGET /system/department/depots/byCascade/1 [32m200 [0m152.750 ms - 1119[0m
[0mGET /system/department/depots/byCascade/11 [32m200 [0m215.136 ms - 841[0m
