[0mPOST /system/department/findAll [32m200 [0m491.632 ms - 352[0m
[0mPOST /system/department/findAll [32m200 [0m129.756 ms - 352[0m
[0mPOST /system/role/create [32m200 [0m440.474 ms - 80[0m
[0mPOST /system/role/create [32m200 [0m50.057 ms - 215[0m
[0mPOST /system/role/create [32m200 [0m132.103 ms - 215[0m
[0mPOST /system/role/update [32m200 [0m149.366 ms - 215[0m
[0mPOST /system/role/create [32m200 [0m129.582 ms - 215[0m
[0mPOST /system/role/delete [32m200 [0m102.214 ms - 83[0m
[0mPOST /system/role/delete [32m200 [0m53173.075 ms - 83[0m
[0mPOST /system/role/delete [32m200 [0m4376.923 ms - 27[0m
[0mPOST /system/position/findAll [31m500 [0m32.053 ms - 2[0m
[0mPOST /system/position/findAll [31m500 [0m1.530 ms - 2[0m
[0mPOST /system/department/findAll [32m200 [0m206.812 ms - 352[0m
[0mPOST /system/menu/findAll [32m200 [0m43.566 ms - 47[0m
[0mPOST /system//menu/findAll [32m200 [0m373.534 ms - 47[0m
[0mPOST /system/department/findAll [32m200 [0m165.116 ms - 352[0m
[0mGET /system/contacts?pagination=false [32m200 [0m230.007 ms - 61[0m
[0mPOST /system/menu/findAll [32m200 [0m175.208 ms - 47[0m
[0mPOST /system/role/findAll [33m404 [0m122.092 ms - 159[0m
[0mPOST /system/role/findAll [32m200 [0m652.881 ms - 426[0m
[0mPOST /system/menu/findAll [32m200 [0m194.377 ms - 47[0m
[0mPOST /system/menu/findAll [32m200 [0m19.173 ms - 47[0m
