[0mPOST /system/department/create [32m200 [0m141.053 ms - 68[0m
[0mPOST /system/department/create [32m200 [0m54.510 ms - 331[0m
[0mPOST /system/department/create [32m200 [0m49.277 ms - 331[0m
[0mPOST /system/department/create [32m200 [0m129.880 ms - 332[0m
[0mPOST /system/department/create [32m200 [0m125.922 ms - 334[0m
[0mPOST /system/department/create [32m200 [0m107.654 ms - 334[0m
[0mPOST /system/department/update [32m200 [0m240.726 ms - 340[0m
[0mPOST /system/department/delete [32m200 [0m140.668 ms - 27[0m
[0mPOST /system/department/delete [32m200 [0m40.844 ms - 27[0m
[0mPOST /system/department/delete [32m200 [0m160.304 ms - 27[0m
[0mPOST /system/department/delete [32m200 [0m61512.845 ms - 27[0m
[0mPOST /system/department/getDepot [32m200 [0m22987.489 ms - 651[0m
[0mPOST /system/department/delete [32m200 [0m5600.303 ms - 27[0m
[0mPOST /system/department/delete [32m200 [0m5844.975 ms - 27[0m
[0mPOST /system/department/delete [32m200 [0m4080.362 ms - 27[0m
[0mPOST /system/department/delete [32m200 [0m3703.587 ms - 54[0m
[0mPOST /system/department/delete [32m200 [0m5244.642 ms - 52[0m
[0mPOST /system/department/delete [32m200 [0m2862.077 ms - 27[0m
[0mPOST /system/department/findAll [32m200 [0m159.400 ms - 659[0m
[0mPOST /system/department/create [32m200 [0m179.576 ms - 334[0m
[0mPOST /system/department/findAll [32m200 [0m168.939 ms - 968[0m
[0mPOST /system/department/create [32m200 [0m236.848 ms - 53[0m
[0mPOST /system/department/create [32m200 [0m76.506 ms - 53[0m
[0mPOST /system/department/update [32m200 [0m162.071 ms - 332[0m
[0mPOST /system/department/delete [32m200 [0m125.842 ms - 27[0m
[0mPOST /system/department/delete [32m200 [0m132.022 ms - 27[0m
[0mPOST /system/department/findAll [32m200 [0m75.420 ms - 352[0m
