[0mPOST /system/mobileModule/findAll [32m200 [0m188.884 ms - 47[0m
[0mPOST /system/mobileModule/create [32m200 [0m170.580 ms - 297[0m
[0mPOST /system/mobileModule/findAll [32m200 [0m24.762 ms - 318[0m
[0mPOST /system/role/findAll [32m200 [0m170.547 ms - 47[0m
[0mPOST /system/role/getCode [32m200 [0m120.523 ms - 28[0m
[0mPOST /system/role/getCode [32m200 [0m7.516 ms - 37[0m
[0mPOST /system/role/findAll [32m200 [0m171.198 ms - 198[0m
[0mPOST /system/menu/findAll [32m200 [0m132.021 ms - 47[0m
[0mPOST /system/role/findAll [32m200 [0m325.510 ms - 198[0m
[0mPOST / [33m404 [0m5.778 ms - 140[0m
[0mPOST /system/role/findAll [32m200 [0m391.662 ms - 198[0m
[0mPOST /system/menu/getTree [32m200 [0m454.071 ms - 28[0m
[0mPOST /system/mobileModule/findAll [32m200 [0m379.810 ms - 822[0m
[0mPOST /system/role/findAll [32m200 [0m389.917 ms - 198[0m
[0mPOST /system/menu/getTree [32m200 [0m411.946 ms - 28[0m
[0mPOST /system/mobileModule/findAll [32m200 [0m229.610 ms - 822[0m
[0mPOST /system/role/findAll [32m200 [0m231.312 ms - 198[0m
[0mPOST /system/menu/getTree [32m200 [0m259.653 ms - 28[0m
[0mPOST /system/mobileModule/findAll [32m200 [0m196.059 ms - 822[0m
[0mPOST /system/role/findAll [32m200 [0m198.125 ms - 198[0m
[0mPOST /system/menu/getTree [32m200 [0m209.008 ms - 28[0m
[0mPOST /system/role/getCode [32m200 [0m8.835 ms - 28[0m
[0mPOST /system/mobileModule/findAll [32m200 [0m207.642 ms - 318[0m
[0mPOST /system/role/findAll [32m200 [0m210.841 ms - 711[0m
[0mPOST /system/menu/getTree [32m200 [0m253.413 ms - 28[0m
[0mPOST /system/mobileModule/findAll [32m200 [0m10006.501 ms - 54[0m
[0mPOST /system/role/findAll [32m200 [0m10049.549 ms - 54[0m
[0mPOST /system/menu/getTree [0m- [0m- ms - -[0m
[0mPOST /system/mobileModule/findAll [32m200 [0m13.642 ms - 67[0m
[0mPOST /system/role/findAll [32m200 [0m10009.840 ms - 54[0m
[0mPOST /system/menu/getTree [0m- [0m- ms - -[0m
[0mPOST /system/menu/getTree [0m- [0m- ms - -[0m
