[0mPOST /system//menu/findAll [32m200 [0m567.787 ms - 47[0m
[0mPOST /system/menu/findAll [32m200 [0m84.748 ms - 47[0m
[0mPOST /system/role/findAll [32m200 [0m90.148 ms - 47[0m
[0mPOST /system/menu/findAll [32m200 [0m14.928 ms - 47[0m
[0mPOST /system/menu/create [32m200 [0m104.489 ms - 672[0m
[0mPOST /system/menu/findAll [32m200 [0m27.156 ms - 639[0m
[0mPOST /system/menu/create [32m200 [0m128.081 ms - 848[0m
[0mPOST /system/menu/findAll [32m200 [0m18.447 ms - 1390[0m
[0mPOST /system/menu/create [32m200 [0m130.805 ms - 1027[0m
[0mPOST /system/menu/findAll [32m200 [0m25.574 ms - 2302[0m
[0mPOST /system/menu/findAll [32m200 [0m66.816 ms - 2302[0m
[0mPOST /system/menu/composeMebuAndCmd [32m200 [0m120.897 ms - 69[0m
[0mPOST /system/menu/composeMebuAndCmd [32m200 [0m59.468 ms - 17[0m
[0mPOST /system/menu/composeMebuAndCmd [32m200 [0m67.943 ms - 17[0m
[0mPOST /system/menu/composeMebuAndCmd [32m200 [0m12771.790 ms - 68[0m
[0mPOST /system/menu/composeMebuAndCmd [32m200 [0m417247.173 ms - 17[0m
[0mPOST /system/menu/composeMebuAndCmd [33m404 [0m39.276 ms - 169[0m
[0mPOST /system/menu/composeMenuAndCmd [32m200 [0m177.950 ms - 42[0m
[0mPOST /system/menu/composeMenuAndCmd [32m200 [0m31886.507 ms - 586[0m
[0mPOST /system/menu/findAll [32m200 [0m268.151 ms - 2302[0m
[0mPOST /system/menu/findAll [32m200 [0m314.420 ms - 2302[0m
[0mPOST /system/menu/findAll [32m200 [0m684.983 ms - 2302[0m
[0mPOST /system/menu/getTree [32m200 [0m284.878 ms - 586[0m
[0mPOST /system/role/findAll [32m200 [0m304.095 ms - 47[0m
[0mPOST /system/menu/findAll [32m200 [0m365.062 ms - 2302[0m
[0mPOST /system/role/findAll [32m200 [0m51.049 ms - 47[0m
[0mPOST /system/role/create [32m200 [0m231.641 ms - 80[0m
[0mPOST /system/role/create [32m200 [0m83.886 ms - 204[0m
[0mPOST /system/role/findAll [32m200 [0m59.448 ms - 225[0m
[0mPOST /system/role/create [32m200 [0m1152.208 ms - 204[0m
[0mPOST /system/role/findAll [32m200 [0m67.571 ms - 404[0m
[0mPOST /system/menu/findAll [32m200 [0m75.084 ms - 47[0m
[0mPOST /system/role/getCode [32m200 [0m241.047 ms - 83[0m
[0mPOST /system/role/getCode [32m200 [0m197.389 ms - 83[0m
[0mPOST /system/role/getCode [32m200 [0m39984.290 ms - 83[0m
[0mPOST /system/role/getCode [31m500 [0m2900.730 ms - 2[0m
[0mPOST /system/role/getCode [31m500 [0m9768.646 ms - 2[0m
[0mPOST /system/role/getCode [31m500 [0m42958.184 ms - 2[0m
[0mPOST /system/role/getCode [32m200 [0m2797.994 ms - 28[0m
[0mPOST /system/role/findAll [32m200 [0m3662.276 ms - 47[0m
[0mPOST /system/role/create [32m200 [0m362.465 ms - 191[0m
[0mPOST /system/role/findAll [32m200 [0m111.349 ms - 212[0m
[0mPOST /system/role/create [32m200 [0m331.384 ms - 192[0m
[0mPOST /system/role/findAll [32m200 [0m443.957 ms - 379[0m
[0mPOST /system/role/create [32m200 [0m227.640 ms - 190[0m
[0mPOST /system/role/findAll [32m200 [0m134.569 ms - 544[0m
[0mPOST /system/role/create [32m200 [0m1107.157 ms - 192[0m
[0mPOST /system/role/findAll [32m200 [0m151.709 ms - 711[0m
[0mPOST /system/role/getCode [32m200 [0m10010.670 ms - 54[0m
[0mPOST /system/role/getCode [32m200 [0m4.162 ms - 67[0m
[0mPOST /system/role/findAll [32m200 [0m61.143 ms - 47[0m
[0mPOST /system/role/create [32m200 [0m317.657 ms - 191[0m
[0mPOST /system/role/findAll [32m200 [0m11.917 ms - 212[0m
[0mPOST /system/role/create [32m200 [0m8.947 ms - 191[0m
[0mPOST /system/role/findAll [32m200 [0m18.612 ms - 378[0m
[0mPOST /system/role/create [32m200 [0m6.548 ms - 191[0m
[0mPOST /system/role/findAll [32m200 [0m10.017 ms - 544[0m
[0mPOST /system/role/create [32m200 [0m6.489 ms - 191[0m
[0mPOST /system/role/findAll [32m200 [0m11.030 ms - 710[0m
[0mPOST /system/role/getCode [32m200 [0m164.727 ms - 90[0m
[0mPOST /system/role/getCode [32m200 [0m158.777 ms - 90[0m
[0mPOST /system/role/getCode [32m200 [0m4898.185 ms - 70[0m
[0mPOST /system/role/getCode [32m200 [0m90051.384 ms - 70[0m
[0mPOST /system/role/getCode [32m200 [0m85375.676 ms - 70[0m
[0mPOST /system/role/getCode [32m200 [0m129924.181 ms - 70[0m
[0mPOST /system/role/getCode [32m200 [0m26204.090 ms - 37[0m
[0mPOST /system/role/getCode [32m200 [0m4805.148 ms - 37[0m
[0mPOST /system/role/authorize [31m500 [0m2.859 ms - 2[0m
[0mPOST /system/role/authorize [31m500 [0m24053.456 ms - 2[0m
[0mPOST /system/role/authorize [31m500 [0m5720.068 ms - 2[0m
[0mPOST /system/role/authorize [31m500 [0m21484.985 ms - 2[0m
[0mPOST /system/role/authorize [31m500 [0m3737.183 ms - 2[0m
[0mPOST /system/role/authorize [31m500 [0m19484.527 ms - 2[0m
[0mPOST /system/role/authorize [32m200 [0m28044.874 ms - 87[0m
[0mPOST /system/role/getCode [32m200 [0m140.846 ms - 28[0m
[0mPOST /system/role/getCode [32m200 [0m32120.892 ms - 28[0m
[0mPOST /system/role/getCode [32m200 [0m72789.170 ms - 28[0m
[0mPOST /system/role/authorize [32m200 [0m8469.761 ms - 113[0m
[0mPOST /system/role/getCode [32m200 [0m6240.121 ms - 37[0m
[0mPOST /system/role/authorize [32m200 [0m11653.671 ms - 113[0m
[0mPOST /system/role/getCode [32m200 [0m8410.188 ms - 37[0m
[0mPOST /system/role/getPermission [32m200 [0m217.708 ms - 53[0m
